Determining if the pthread_create exist failed with the following output:
Change Dir: /home/zbox/CLionProjects/slambook/Test/ch13/dense_monocular/cmake-build-debug/CMakeFiles/CMakeTmp

Run Build Command:"/usr/bin/make" "cmTC_b261a/fast"
/usr/bin/make -f CMakeFiles/cmTC_b261a.dir/build.make CMakeFiles/cmTC_b261a.dir/build
make[1]: Entering directory '/home/zbox/CLionProjects/slambook/Test/ch13/dense_monocular/cmake-build-debug/CMakeFiles/CMakeTmp'
Building C object CMakeFiles/cmTC_b261a.dir/CheckSymbolExists.c.o
/usr/bin/cc   -fPIC    -o CMakeFiles/cmTC_b261a.dir/CheckSymbolExists.c.o   -c /home/zbox/CLionProjects/slambook/Test/ch13/dense_monocular/cmake-build-debug/CMakeFiles/CMakeTmp/CheckSymbolExists.c
Linking C executable cmTC_b261a
/home/zbox/Downloads/clion-2018.1.3/bin/cmake/bin/cmake -E cmake_link_script CMakeFiles/cmTC_b261a.dir/link.txt --verbose=1
/usr/bin/cc -fPIC     CMakeFiles/cmTC_b261a.dir/CheckSymbolExists.c.o  -o cmTC_b261a 
CMakeFiles/cmTC_b261a.dir/CheckSymbolExists.c.o: In function `main':
CheckSymbolExists.c:(.text+0x1b): undefined reference to `pthread_create'
collect2: error: ld returned 1 exit status
CMakeFiles/cmTC_b261a.dir/build.make:97: recipe for target 'cmTC_b261a' failed
make[1]: *** [cmTC_b261a] Error 1
make[1]: Leaving directory '/home/zbox/CLionProjects/slambook/Test/ch13/dense_monocular/cmake-build-debug/CMakeFiles/CMakeTmp'
Makefile:126: recipe for target 'cmTC_b261a/fast' failed
make: *** [cmTC_b261a/fast] Error 2

File /home/zbox/CLionProjects/slambook/Test/ch13/dense_monocular/cmake-build-debug/CMakeFiles/CMakeTmp/CheckSymbolExists.c:
/* */
#include <pthread.h>

int main(int argc, char** argv)
{
  (void)argv;
#ifndef pthread_create
  return ((int*)(&pthread_create))[argc];
#else
  (void)argc;
  return 0;
#endif
}

Determining if the function pthread_create exists in the pthreads failed with the following output:
Change Dir: /home/zbox/CLionProjects/slambook/Test/ch13/dense_monocular/cmake-build-debug/CMakeFiles/CMakeTmp

Run Build Command:"/usr/bin/make" "cmTC_e64cf/fast"
/usr/bin/make -f CMakeFiles/cmTC_e64cf.dir/build.make CMakeFiles/cmTC_e64cf.dir/build
make[1]: Entering directory '/home/zbox/CLionProjects/slambook/Test/ch13/dense_monocular/cmake-build-debug/CMakeFiles/CMakeTmp'
Building C object CMakeFiles/cmTC_e64cf.dir/CheckFunctionExists.c.o
/usr/bin/cc   -fPIC -DCHECK_FUNCTION_EXISTS=pthread_create   -o CMakeFiles/cmTC_e64cf.dir/CheckFunctionExists.c.o   -c /home/zbox/Downloads/clion-2018.1.3/bin/cmake/share/cmake-3.10/Modules/CheckFunctionExists.c
Linking C executable cmTC_e64cf
/home/zbox/Downloads/clion-2018.1.3/bin/cmake/bin/cmake -E cmake_link_script CMakeFiles/cmTC_e64cf.dir/link.txt --verbose=1
/usr/bin/cc -fPIC -DCHECK_FUNCTION_EXISTS=pthread_create    CMakeFiles/cmTC_e64cf.dir/CheckFunctionExists.c.o  -o cmTC_e64cf -lpthreads 
/usr/bin/ld: cannot find -lpthreads
collect2: error: ld returned 1 exit status
CMakeFiles/cmTC_e64cf.dir/build.make:97: recipe for target 'cmTC_e64cf' failed
make[1]: *** [cmTC_e64cf] Error 1
make[1]: Leaving directory '/home/zbox/CLionProjects/slambook/Test/ch13/dense_monocular/cmake-build-debug/CMakeFiles/CMakeTmp'
Makefile:126: recipe for target 'cmTC_e64cf/fast' failed
make: *** [cmTC_e64cf/fast] Error 2


