Determining if the pthread_create exist failed with the following output:
Change Dir: /home/zbox/CLionProjects/slambook/Test/ch13/dense_RGBD/cmake-build-debug/CMakeFiles/CMakeTmp

Run Build Command:"/usr/bin/make" "cmTC_21785/fast"
/usr/bin/make -f CMakeFiles/cmTC_21785.dir/build.make CMakeFiles/cmTC_21785.dir/build
make[1]: Entering directory '/home/zbox/CLionProjects/slambook/Test/ch13/dense_RGBD/cmake-build-debug/CMakeFiles/CMakeTmp'
Building C object CMakeFiles/cmTC_21785.dir/CheckSymbolExists.c.o
/usr/bin/cc   -fPIC    -o CMakeFiles/cmTC_21785.dir/CheckSymbolExists.c.o   -c /home/zbox/CLionProjects/slambook/Test/ch13/dense_RGBD/cmake-build-debug/CMakeFiles/CMakeTmp/CheckSymbolExists.c
Linking C executable cmTC_21785
/home/zbox/Downloads/clion-2018.1.3/bin/cmake/bin/cmake -E cmake_link_script CMakeFiles/cmTC_21785.dir/link.txt --verbose=1
/usr/bin/cc -fPIC     CMakeFiles/cmTC_21785.dir/CheckSymbolExists.c.o  -o cmTC_21785 
CMakeFiles/cmTC_21785.dir/CheckSymbolExists.c.o: In function `main':
CheckSymbolExists.c:(.text+0x1b): undefined reference to `pthread_create'
collect2: error: ld returned 1 exit status
CMakeFiles/cmTC_21785.dir/build.make:97: recipe for target 'cmTC_21785' failed
make[1]: *** [cmTC_21785] Error 1
make[1]: Leaving directory '/home/zbox/CLionProjects/slambook/Test/ch13/dense_RGBD/cmake-build-debug/CMakeFiles/CMakeTmp'
Makefile:126: recipe for target 'cmTC_21785/fast' failed
make: *** [cmTC_21785/fast] Error 2

File /home/zbox/CLionProjects/slambook/Test/ch13/dense_RGBD/cmake-build-debug/CMakeFiles/CMakeTmp/CheckSymbolExists.c:
/* */
#include <pthread.h>

int main(int argc, char** argv)
{
  (void)argv;
#ifndef pthread_create
  return ((int*)(&pthread_create))[argc];
#else
  (void)argc;
  return 0;
#endif
}

Determining if the function pthread_create exists in the pthreads failed with the following output:
Change Dir: /home/zbox/CLionProjects/slambook/Test/ch13/dense_RGBD/cmake-build-debug/CMakeFiles/CMakeTmp

Run Build Command:"/usr/bin/make" "cmTC_fb207/fast"
/usr/bin/make -f CMakeFiles/cmTC_fb207.dir/build.make CMakeFiles/cmTC_fb207.dir/build
make[1]: Entering directory '/home/zbox/CLionProjects/slambook/Test/ch13/dense_RGBD/cmake-build-debug/CMakeFiles/CMakeTmp'
Building C object CMakeFiles/cmTC_fb207.dir/CheckFunctionExists.c.o
/usr/bin/cc   -fPIC -DCHECK_FUNCTION_EXISTS=pthread_create   -o CMakeFiles/cmTC_fb207.dir/CheckFunctionExists.c.o   -c /home/zbox/Downloads/clion-2018.1.3/bin/cmake/share/cmake-3.10/Modules/CheckFunctionExists.c
Linking C executable cmTC_fb207
/home/zbox/Downloads/clion-2018.1.3/bin/cmake/bin/cmake -E cmake_link_script CMakeFiles/cmTC_fb207.dir/link.txt --verbose=1
/usr/bin/cc -fPIC -DCHECK_FUNCTION_EXISTS=pthread_create    CMakeFiles/cmTC_fb207.dir/CheckFunctionExists.c.o  -o cmTC_fb207 -lpthreads 
/usr/bin/ld: cannot find -lpthreads
collect2: error: ld returned 1 exit status
CMakeFiles/cmTC_fb207.dir/build.make:97: recipe for target 'cmTC_fb207' failed
make[1]: *** [cmTC_fb207] Error 1
make[1]: Leaving directory '/home/zbox/CLionProjects/slambook/Test/ch13/dense_RGBD/cmake-build-debug/CMakeFiles/CMakeTmp'
Makefile:126: recipe for target 'cmTC_fb207/fast' failed
make: *** [cmTC_fb207/fast] Error 2


